2024-09-30 06:57:41 Loading main app package /usr/lib/obsidian/obsidian.asar
2024-09-30 06:57:42 Checking for update using Github
2024-09-30 06:57:42 Success.
2024-09-30 06:57:42 Latest version is 1.6.7
2024-09-30 06:57:42 App is up to date.
2024-10-02 18:08:01 Loading main app package /usr/lib/obsidian/obsidian.asar
2024-10-02 18:08:01 Checking for update using Github
2024-10-02 18:08:02 Success.
2024-10-02 18:08:02 Latest version is 1.6.7
2024-10-02 18:08:02 App is up to date.
2024-10-02 18:40:59 Loading main app package /usr/lib/obsidian/obsidian.asar
2024-10-02 18:41:00 Checking for update using Github
2024-10-02 18:41:00 Success.
2024-10-02 18:41:00 Latest version is 1.6.7
2024-10-02 18:41:00 App is up to date.
2024-10-02 19:24:05 Loading main app package /usr/lib/obsidian/obsidian.asar
2024-10-02 19:24:05 Checking for update using Github
2024-10-02 19:24:05 Success.
2024-10-02 19:24:05 Latest version is 1.6.7
2024-10-02 19:24:05 App is up to date.
